--> Called at: 2020-01-08 11:13:13
--> Can't find the hitmap file, regenerate it.
--> Can't find the rec file, regenerate it.
--> scan mom=40, theta0=32
####> scan p mom=2.000000, theta0=0.558505, rad=0, ph=1, realTh=0.545919, recTh=0.976691, delta=0.789078.
####> scan p mom=2.000000, theta0=0.558505, rad=0, ph=2, realTh=0.545919, recTh=0.881616, delta=0.614923.
####> scan p mom=2.000000, theta0=0.558505, rad=0, ph=3, realTh=0.545919, recTh=0.896685, delta=0.642526.
####> scan p mom=2.000000, theta0=0.558505, rad=0, ph=4, realTh=0.545919, recTh=0.902872, delta=0.653859.
####> scan p mom=2.000000, theta0=0.558505, rad=0, ph=5, realTh=0.545919, recTh=0.850400, delta=0.557742.
####> scan p mom=2.000000, theta0=0.558505, rad=0, ph=6, realTh=0.545919, recTh=0.898322, delta=0.645523.
####> scan p mom=2.000000, theta0=0.558505, rad=0, ph=7, realTh=0.545919, recTh=0.893196, delta=0.636135.
####> scan p mom=2.000000, theta0=0.558505, rad=0, ph=8, realTh=0.545919, recTh=0.892518, delta=0.634893.
####> scan p mom=2.000000, theta0=0.558505, rad=0, ph=9, realTh=0.545919, recTh=0.962476, delta=0.763040.
####> scan p mom=2.000000, theta0=0.558505, rad=0, ph=10, realTh=0.545919, recTh=0.919758, delta=0.684789.
####> scan p mom=2.000000, theta0=0.558505, rad=0, ph=11, realTh=0.545919, recTh=0.927157, delta=0.698342.
####> scan p mom=2.000000, theta0=0.558505, rad=0, ph=12, realTh=0.545919, recTh=0.917243, delta=0.680183.
####> scan p mom=2.000000, theta0=0.558505, rad=0, ph=13, realTh=0.545919, recTh=0.948508, delta=0.737454.
####> scan p mom=2.000000, theta0=0.558505, rad=0, ph=14, realTh=0.545919, recTh=0.878997, delta=0.610125.
####> scan p mom=2.000000, theta0=0.558505, rad=0, ph=15, realTh=0.545919, recTh=0.941738, delta=0.725053.
####> scan p mom=2.000000, theta0=0.558505, rad=0, ph=16, realTh=0.545919, recTh=0.896747, delta=0.642639.
####> scan p mom=2.000000, theta0=0.558505, rad=0, ph=17, realTh=0.545919, recTh=0.908995, delta=0.665075.
####> scan p mom=2.000000, theta0=0.558505, rad=0, ph=18, realTh=0.545919, recTh=0.870303, delta=0.594200.
####> scan p mom=2.000000, theta0=0.558505, rad=0, ph=19, realTh=0.545919, recTh=0.946442, delta=0.733668.
####> scan p mom=2.000000, theta0=0.558505, rad=0, ph=20, realTh=0.545919, recTh=0.902699, delta=0.653542.
####> scan p mom=2.000000, theta0=0.558505, rad=0, ph=21, realTh=0.545919, recTh=0.883232, delta=0.617881.
####> scan p mom=2.000000, theta0=0.558505, rad=0, ph=22, realTh=0.545919, recTh=0.914693, delta=0.675512.
####> scan p mom=2.000000, theta0=0.558505, rad=0, ph=23, realTh=0.545919, recTh=0.890148, delta=0.630550.
####> scan p mom=2.000000, theta0=0.558505, rad=0, ph=24, realTh=0.545919, recTh=0.866161, delta=0.586611.
####> scan p mom=2.000000, theta0=0.558505, rad=0, ph=25, realTh=0.545919, recTh=0.932498, delta=0.708127.
####> scan p mom=2.000000, theta0=0.558505, rad=0, ph=26, realTh=0.545919, recTh=0.895842, delta=0.640981.
####> scan p mom=2.000000, theta0=0.558505, rad=0, ph=27, realTh=0.545919, recTh=0.930690, delta=0.704815.
####> scan p mom=2.000000, theta0=0.558505, rad=0, ph=28, realTh=0.545919, recTh=0.907211, delta=0.661806.
####> scan p mom=2.000000, theta0=0.558505, rad=0, ph=29, realTh=0.545919, recTh=0.879441, delta=0.610938.
####> scan p mom=2.000000, theta0=0.558505, rad=0, ph=30, realTh=0.545919, recTh=0.924497, delta=0.693471.
####> scan p mom=2.000000, theta0=0.558505, rad=0, ph=31, realTh=0.545919, recTh=0.923574, delta=0.691779.
####> scan p mom=2.000000, theta0=0.558505, rad=0, ph=32, realTh=0.545919, recTh=0.896684, delta=0.642523.
####> scan p mom=2.000000, theta0=0.558505, rad=0, ph=33, realTh=0.545919, recTh=0.911248, delta=0.669202.
####> scan p mom=2.000000, theta0=0.558505, rad=0, ph=34, realTh=0.545919, recTh=0.914785, delta=0.675679.
####> scan p mom=2.000000, theta0=0.558505, rad=0, ph=35, realTh=0.545919, recTh=0.891680, delta=0.633358.
####> scan p mom=2.000000, theta0=0.558505, rad=0, ph=36, realTh=0.545919, recTh=0.891626, delta=0.633259.
####> scan p mom=2.000000, theta0=0.558505, rad=0, ph=37, realTh=0.545919, recTh=0.905434, delta=0.658552.
####> scan p mom=2.000000, theta0=0.558505, rad=0, ph=38, realTh=0.545919, recTh=0.885927, delta=0.622819.
####> scan p mom=2.000000, theta0=0.558505, rad=0, ph=39, realTh=0.545919, recTh=0.908000, delta=0.663252.
####> scan p mom=2.000000, theta0=0.558505, rad=0, ph=40, realTh=0.545919, recTh=0.896362, delta=0.641934.
####> scan p mom=2.000000, theta0=0.558505, rad=0, ph=41, realTh=0.545919, recTh=0.926390, delta=0.696938.
####> scan p mom=2.000000, theta0=0.558505, rad=0, ph=42, realTh=0.545919, recTh=0.893802, delta=0.637244.
####> scan p mom=2.000000, theta0=0.558505, rad=0, ph=43, realTh=0.545919, recTh=0.897408, delta=0.643850.
####> scan p mom=2.000000, theta0=0.558505, rad=0, ph=44, realTh=0.545919, recTh=0.888735, delta=0.627962.
####> scan p mom=2.000000, theta0=0.558505, rad=0, ph=45, realTh=0.545919, recTh=0.894574, delta=0.638658.
####> scan p mom=2.000000, theta0=0.558505, rad=0, ph=46, realTh=0.545919, recTh=0.900225, delta=0.649009.
####> scan p mom=2.000000, theta0=0.558505, rad=0, ph=47, realTh=0.545919, recTh=0.893565, delta=0.636810.
####> scan p mom=2.000000, theta0=0.558505, rad=0, ph=48, realTh=0.545919, recTh=0.899030, delta=0.646820.
####> scan p mom=2.000000, theta0=0.558505, rad=0, ph=49, realTh=0.545919, recTh=0.901734, delta=0.651774.
####> scan #pi mom=2.000000, theta0=0.558505, rad=0, ph=1, realTh=0.683103, recTh=0.597960, delta=0.124641.
####> scan #pi mom=2.000000, theta0=0.558505, rad=0, ph=2, realTh=0.683103, recTh=0.571538, delta=0.163321.
####> scan #pi mom=2.000000, theta0=0.558505, rad=0, ph=3, realTh=0.683103, recTh=0.612658, delta=0.103124.
####> scan #pi mom=2.000000, theta0=0.558505, rad=0, ph=4, realTh=0.683103, recTh=0.609921, delta=0.107131.
####> scan #pi mom=2.000000, theta0=0.558505, rad=0, ph=5, realTh=0.683103, recTh=0.587937, delta=0.139313.
####> scan #pi mom=2.000000, theta0=0.558505, rad=0, ph=6, realTh=0.683103, recTh=0.602402, delta=0.118139.
####> scan #pi mom=2.000000, theta0=0.558505, rad=0, ph=7, realTh=0.683103, recTh=0.586792, delta=0.140989.
####> scan #pi mom=2.000000, theta0=0.558505, rad=0, ph=8, realTh=0.683103, recTh=0.587654, delta=0.139729.
####> scan #pi mom=2.000000, theta0=0.558505, rad=0, ph=9, realTh=0.683103, recTh=0.595880, delta=0.127686.
####> scan #pi mom=2.000000, theta0=0.558505, rad=0, ph=10, realTh=0.683103, recTh=0.598537, delta=0.123796.
####> scan #pi mom=2.000000, theta0=0.558505, rad=0, ph=11, realTh=0.683103, recTh=0.595402, delta=0.128385.
####> scan #pi mom=2.000000, theta0=0.558505, rad=0, ph=12, realTh=0.683103, recTh=0.591143, delta=0.134621.
####> scan #pi mom=2.000000, theta0=0.558505, rad=0, ph=13, realTh=0.683103, recTh=0.593645, delta=0.130958.
####> scan #pi mom=2.000000, theta0=0.558505, rad=0, ph=14, realTh=0.683103, recTh=0.591453, delta=0.134167.
####> scan #pi mom=2.000000, theta0=0.558505, rad=0, ph=15, realTh=0.683103, recTh=0.596187, delta=0.127237.
####> scan #pi mom=2.000000, theta0=0.558505, rad=0, ph=16, realTh=0.683103, recTh=0.586402, delta=0.141561.
####> scan #pi mom=2.000000, theta0=0.558505, rad=0, ph=17, realTh=0.683103, recTh=0.593547, delta=0.131101.
####> scan #pi mom=2.000000, theta0=0.558505, rad=0, ph=18, realTh=0.683103, recTh=0.591875, delta=0.133548.
####> scan #pi mom=2.000000, theta0=0.558505, rad=0, ph=19, realTh=0.683103, recTh=0.590087, delta=0.136167.
####> scan #pi mom=2.000000, theta0=0.558505, rad=0, ph=20, realTh=0.683103, recTh=0.592436, delta=0.132727.
####> scan #pi mom=2.000000, theta0=0.558505, rad=0, ph=21, realTh=0.683103, recTh=0.595347, delta=0.128466.
####> scan #pi mom=2.000000, theta0=0.558505, rad=0, ph=22, realTh=0.683103, recTh=0.598576, delta=0.123740.
####> scan #pi mom=2.000000, theta0=0.558505, rad=0, ph=23, realTh=0.683103, recTh=0.604702, delta=0.114771.
####> scan #pi mom=2.000000, theta0=0.558505, rad=0, ph=24, realTh=0.683103, recTh=0.595577, delta=0.128129.
####> scan #pi mom=2.000000, theta0=0.558505, rad=0, ph=25, realTh=0.683103, recTh=0.587557, delta=0.139871.
####> scan #pi mom=2.000000, theta0=0.558505, rad=0, ph=26, realTh=0.683103, recTh=0.592835, delta=0.132144.
####> scan #pi mom=2.000000, theta0=0.558505, rad=0, ph=27, realTh=0.683103, recTh=0.592230, delta=0.133029.
####> scan #pi mom=2.000000, theta0=0.558505, rad=0, ph=28, realTh=0.683103, recTh=0.594674, delta=0.129452.
####> scan #pi mom=2.000000, theta0=0.558505, rad=0, ph=29, realTh=0.683103, recTh=0.597601, delta=0.125167.
####> scan #pi mom=2.000000, theta0=0.558505, rad=0, ph=30, realTh=0.683103, recTh=0.589839, delta=0.136529.
####> scan #pi mom=2.000000, theta0=0.558505, rad=0, ph=31, realTh=0.683103, recTh=0.593542, delta=0.131108.
####> scan #pi mom=2.000000, theta0=0.558505, rad=0, ph=32, realTh=0.683103, recTh=0.597942, delta=0.124667.
####> scan #pi mom=2.000000, theta0=0.558505, rad=0, ph=33, realTh=0.683103, recTh=0.590139, delta=0.136090.
####> scan #pi mom=2.000000, theta0=0.558505, rad=0, ph=34, realTh=0.683103, recTh=0.588320, delta=0.138753.
####> scan #pi mom=2.000000, theta0=0.558505, rad=0, ph=35, realTh=0.683103, recTh=0.589278, delta=0.137351.
####> scan #pi mom=2.000000, theta0=0.558505, rad=0, ph=36, realTh=0.683103, recTh=0.595229, delta=0.128639.
####> scan #pi mom=2.000000, theta0=0.558505, rad=0, ph=37, realTh=0.683103, recTh=0.592109, delta=0.133207.
####> scan #pi mom=2.000000, theta0=0.558505, rad=0, ph=38, realTh=0.683103, recTh=0.589753, delta=0.136656.
####> scan #pi mom=2.000000, theta0=0.558505, rad=0, ph=39, realTh=0.683103, recTh=0.583867, delta=0.145272.
####> scan #pi mom=2.000000, theta0=0.558505, rad=0, ph=40, realTh=0.683103, recTh=0.594420, delta=0.129824.
####> scan #pi mom=2.000000, theta0=0.558505, rad=0, ph=41, realTh=0.683103, recTh=0.594786, delta=0.129287.
####> scan #pi mom=2.000000, theta0=0.558505, rad=0, ph=42, realTh=0.683103, recTh=0.592576, delta=0.132522.
####> scan #pi mom=2.000000, theta0=0.558505, rad=0, ph=43, realTh=0.683103, recTh=0.592618, delta=0.132461.
####> scan #pi mom=2.000000, theta0=0.558505, rad=0, ph=44, realTh=0.683103, recTh=0.594036, delta=0.130385.
####> scan #pi mom=2.000000, theta0=0.558505, rad=0, ph=45, realTh=0.683103, recTh=0.596209, delta=0.127204.
####> scan #pi mom=2.000000, theta0=0.558505, rad=0, ph=46, realTh=0.683103, recTh=0.597453, delta=0.125383.
####> scan #pi mom=2.000000, theta0=0.558505, rad=0, ph=47, realTh=0.683103, recTh=0.593618, delta=0.130997.
####> scan #pi mom=2.000000, theta0=0.558505, rad=0, ph=48, realTh=0.683103, recTh=0.595316, delta=0.128512.
####> scan #pi mom=2.000000, theta0=0.558505, rad=0, ph=49, realTh=0.683103, recTh=0.592915, delta=0.132026.
####> scan #mu mom=2.000000, theta0=0.558505, rad=0, ph=2, realTh=0.684113, recTh=0.581760, delta=0.149615.
####> scan #mu mom=2.000000, theta0=0.558505, rad=0, ph=3, realTh=0.684113, recTh=0.584972, delta=0.144920.
####> scan #mu mom=2.000000, theta0=0.558505, rad=0, ph=4, realTh=0.684113, recTh=0.592987, delta=0.133203.
####> scan #mu mom=2.000000, theta0=0.558505, rad=0, ph=5, realTh=0.684113, recTh=0.594701, delta=0.130698.
####> scan #mu mom=2.000000, theta0=0.558505, rad=0, ph=6, realTh=0.684113, recTh=0.596003, delta=0.128796.
####> scan #mu mom=2.000000, theta0=0.558505, rad=0, ph=7, realTh=0.684113, recTh=0.575615, delta=0.158597.
####> scan #mu mom=2.000000, theta0=0.558505, rad=0, ph=8, realTh=0.684113, recTh=0.593309, delta=0.132734.
####> scan #mu mom=2.000000, theta0=0.558505, rad=0, ph=9, realTh=0.684113, recTh=0.593882, delta=0.131896.
####> scan #mu mom=2.000000, theta0=0.558505, rad=0, ph=10, realTh=0.684113, recTh=0.589305, delta=0.138586.
####> scan #mu mom=2.000000, theta0=0.558505, rad=0, ph=11, realTh=0.684113, recTh=0.582051, delta=0.149189.
####> scan #mu mom=2.000000, theta0=0.558505, rad=0, ph=12, realTh=0.684113, recTh=0.593175, delta=0.132929.
####> scan #mu mom=2.000000, theta0=0.558505, rad=0, ph=13, realTh=0.684113, recTh=0.585385, delta=0.144316.
####> scan #mu mom=2.000000, theta0=0.558505, rad=0, ph=14, realTh=0.684113, recTh=0.586661, delta=0.142451.
####> scan #mu mom=2.000000, theta0=0.558505, rad=0, ph=15, realTh=0.684113, recTh=0.589446, delta=0.138380.
####> scan #mu mom=2.000000, theta0=0.558505, rad=0, ph=16, realTh=0.684113, recTh=0.587212, delta=0.141645.
####> scan #mu mom=2.000000, theta0=0.558505, rad=0, ph=17, realTh=0.684113, recTh=0.589993, delta=0.137581.
####> scan #mu mom=2.000000, theta0=0.558505, rad=0, ph=18, realTh=0.684113, recTh=0.580741, delta=0.151104.
####> scan #mu mom=2.000000, theta0=0.558505, rad=0, ph=19, realTh=0.684113, recTh=0.582959, delta=0.147861.
####> scan #mu mom=2.000000, theta0=0.558505, rad=0, ph=20, realTh=0.684113, recTh=0.581836, delta=0.149504.
####> scan #mu mom=2.000000, theta0=0.558505, rad=0, ph=21, realTh=0.684113, recTh=0.584891, delta=0.145038.
####> scan #mu mom=2.000000, theta0=0.558505, rad=0, ph=22, realTh=0.684113, recTh=0.594028, delta=0.131682.
####> scan #mu mom=2.000000, theta0=0.558505, rad=0, ph=23, realTh=0.684113, recTh=0.585162, delta=0.144642.
####> scan #mu mom=2.000000, theta0=0.558505, rad=0, ph=24, realTh=0.684113, recTh=0.584887, delta=0.145044.
####> scan #mu mom=2.000000, theta0=0.558505, rad=0, ph=25, realTh=0.684113, recTh=0.582309, delta=0.148812.
####> scan #mu mom=2.000000, theta0=0.558505, rad=0, ph=26, realTh=0.684113, recTh=0.581951, delta=0.149335.
####> scan #mu mom=2.000000, theta0=0.558505, rad=0, ph=27, realTh=0.684113, recTh=0.590668, delta=0.136593.
####> scan #mu mom=2.000000, theta0=0.558505, rad=0, ph=28, realTh=0.684113, recTh=0.591666, delta=0.135135.
####> scan #mu mom=2.000000, theta0=0.558505, rad=0, ph=29, realTh=0.684113, recTh=0.584509, delta=0.145596.
####> scan #mu mom=2.000000, theta0=0.558505, rad=0, ph=30, realTh=0.684113, recTh=0.586855, delta=0.142167.
####> scan #mu mom=2.000000, theta0=0.558505, rad=0, ph=31, realTh=0.684113, recTh=0.585055, delta=0.144799.
####> scan #mu mom=2.000000, theta0=0.558505, rad=0, ph=32, realTh=0.684113, recTh=0.589886, delta=0.137737.
####> scan #mu mom=2.000000, theta0=0.558505, rad=0, ph=33, realTh=0.684113, recTh=0.589810, delta=0.137848.
####> scan #mu mom=2.000000, theta0=0.558505, rad=0, ph=34, realTh=0.684113, recTh=0.580726, delta=0.151127.
####> scan #mu mom=2.000000, theta0=0.558505, rad=0, ph=35, realTh=0.684113, recTh=0.588341, delta=0.139995.
####> scan #mu mom=2.000000, theta0=0.558505, rad=0, ph=36, realTh=0.684113, recTh=0.587562, delta=0.141133.
####> scan #mu mom=2.000000, theta0=0.558505, rad=0, ph=37, realTh=0.684113, recTh=0.586377, delta=0.142866.
####> scan #mu mom=2.000000, theta0=0.558505, rad=0, ph=38, realTh=0.684113, recTh=0.585802, delta=0.143707.
####> scan #mu mom=2.000000, theta0=0.558505, rad=0, ph=39, realTh=0.684113, recTh=0.589110, delta=0.138871.
####> scan #mu mom=2.000000, theta0=0.558505, rad=0, ph=40, realTh=0.684113, recTh=0.584908, delta=0.145013.
####> scan #mu mom=2.000000, theta0=0.558505, rad=0, ph=41, realTh=0.684113, recTh=0.580242, delta=0.151833.
####> scan #mu mom=2.000000, theta0=0.558505, rad=0, ph=42, realTh=0.684113, recTh=0.586084, delta=0.143294.
####> scan #mu mom=2.000000, theta0=0.558505, rad=0, ph=43, realTh=0.684113, recTh=0.589477, delta=0.138335.
####> scan #mu mom=2.000000, theta0=0.558505, rad=0, ph=44, realTh=0.684113, recTh=0.589262, delta=0.138648.
####> scan #mu mom=2.000000, theta0=0.558505, rad=0, ph=45, realTh=0.684113, recTh=0.589193, delta=0.138750.
####> scan #mu mom=2.000000, theta0=0.558505, rad=0, ph=46, realTh=0.684113, recTh=0.585499, delta=0.144149.
####> scan #mu mom=2.000000, theta0=0.558505, rad=0, ph=47, realTh=0.684113, recTh=0.583504, delta=0.147066.
####> scan #mu mom=2.000000, theta0=0.558505, rad=0, ph=48, realTh=0.684113, recTh=0.586836, delta=0.142195.
####> scan #mu mom=2.000000, theta0=0.558505, rad=0, ph=49, realTh=0.684113, recTh=0.578409, delta=0.154514.
####> scan e mom=2.000000, theta0=0.558505, rad=0, ph=1, realTh=0.686078, recTh=0.597449, delta=0.129183.
####> scan e mom=2.000000, theta0=0.558505, rad=0, ph=2, realTh=0.686078, recTh=0.578339, delta=0.157037.
####> scan e mom=2.000000, theta0=0.558505, rad=0, ph=3, realTh=0.686078, recTh=0.603083, delta=0.120971.
####> scan e mom=2.000000, theta0=0.558505, rad=0, ph=4, realTh=0.686078, recTh=0.583229, delta=0.149910.
####> scan e mom=2.000000, theta0=0.558505, rad=0, ph=5, realTh=0.686078, recTh=0.590496, delta=0.139317.
####> scan e mom=2.000000, theta0=0.558505, rad=0, ph=6, realTh=0.686078, recTh=0.600039, delta=0.125407.
####> scan e mom=2.000000, theta0=0.558505, rad=0, ph=7, realTh=0.686078, recTh=0.580087, delta=0.154488.
####> scan e mom=2.000000, theta0=0.558505, rad=0, ph=8, realTh=0.686078, recTh=0.594966, delta=0.132802.
####> scan e mom=2.000000, theta0=0.558505, rad=0, ph=9, realTh=0.686078, recTh=0.597065, delta=0.129743.
####> scan e mom=2.000000, theta0=0.558505, rad=0, ph=10, realTh=0.686078, recTh=0.587538, delta=0.143629.
####> scan e mom=2.000000, theta0=0.558505, rad=0, ph=11, realTh=0.686078, recTh=0.591459, delta=0.137913.
####> scan e mom=2.000000, theta0=0.558505, rad=0, ph=12, realTh=0.686078, recTh=0.596764, delta=0.130181.
####> scan e mom=2.000000, theta0=0.558505, rad=0, ph=13, realTh=0.686078, recTh=0.592553, delta=0.136319.
####> scan e mom=2.000000, theta0=0.558505, rad=0, ph=14, realTh=0.686078, recTh=0.594809, delta=0.133031.
####> scan e mom=2.000000, theta0=0.558505, rad=0, ph=15, realTh=0.686078, recTh=0.601302, delta=0.123566.
####> scan e mom=2.000000, theta0=0.558505, rad=0, ph=16, realTh=0.686078, recTh=0.587356, delta=0.143894.
####> scan e mom=2.000000, theta0=0.558505, rad=0, ph=17, realTh=0.686078, recTh=0.592042, delta=0.137064.
####> scan e mom=2.000000, theta0=0.558505, rad=0, ph=18, realTh=0.686078, recTh=0.596446, delta=0.130645.
####> scan e mom=2.000000, theta0=0.558505, rad=0, ph=19, realTh=0.686078, recTh=0.597329, delta=0.129357.
####> scan e mom=2.000000, theta0=0.558505, rad=0, ph=20, realTh=0.686078, recTh=0.597088, delta=0.129709.
####> scan e mom=2.000000, theta0=0.558505, rad=0, ph=21, realTh=0.686078, recTh=0.589427, delta=0.140875.
####> scan e mom=2.000000, theta0=0.558505, rad=0, ph=22, realTh=0.686078, recTh=0.596154, delta=0.131070.
####> scan e mom=2.000000, theta0=0.558505, rad=0, ph=23, realTh=0.686078, recTh=0.587441, delta=0.143769.
####> scan e mom=2.000000, theta0=0.558505, rad=0, ph=24, realTh=0.686078, recTh=0.589279, delta=0.141091.
####> scan e mom=2.000000, theta0=0.558505, rad=0, ph=25, realTh=0.686078, recTh=0.596075, delta=0.131186.
####> scan e mom=2.000000, theta0=0.558505, rad=0, ph=26, realTh=0.686078, recTh=0.591355, delta=0.138064.
####> scan e mom=2.000000, theta0=0.558505, rad=0, ph=27, realTh=0.686078, recTh=0.597716, delta=0.128793.
####> scan e mom=2.000000, theta0=0.558505, rad=0, ph=28, realTh=0.686078, recTh=0.591928, delta=0.137230.
####> scan e mom=2.000000, theta0=0.558505, rad=0, ph=29, realTh=0.686078, recTh=0.595504, delta=0.132018.
####> scan e mom=2.000000, theta0=0.558505, rad=0, ph=30, realTh=0.686078, recTh=0.586947, delta=0.144489.
####> scan e mom=2.000000, theta0=0.558505, rad=0, ph=31, realTh=0.686078, recTh=0.592733, delta=0.136057.
####> scan e mom=2.000000, theta0=0.558505, rad=0, ph=32, realTh=0.686078, recTh=0.593669, delta=0.134692.
####> scan e mom=2.000000, theta0=0.558505, rad=0, ph=33, realTh=0.686078, recTh=0.594193, delta=0.133929.
####> scan e mom=2.000000, theta0=0.558505, rad=0, ph=34, realTh=0.686078, recTh=0.590233, delta=0.139701.
####> scan e mom=2.000000, theta0=0.558505, rad=0, ph=35, realTh=0.686078, recTh=0.597609, delta=0.128950.
####> scan e mom=2.000000, theta0=0.558505, rad=0, ph=36, realTh=0.686078, recTh=0.592664, delta=0.136158.
####> scan e mom=2.000000, theta0=0.558505, rad=0, ph=37, realTh=0.686078, recTh=0.592798, delta=0.135962.
####> scan e mom=2.000000, theta0=0.558505, rad=0, ph=38, realTh=0.686078, recTh=0.596451, delta=0.130637.
####> scan e mom=2.000000, theta0=0.558505, rad=0, ph=39, realTh=0.686078, recTh=0.597962, delta=0.128435.
####> scan e mom=2.000000, theta0=0.558505, rad=0, ph=40, realTh=0.686078, recTh=0.596326, delta=0.130820.
####> scan e mom=2.000000, theta0=0.558505, rad=0, ph=41, realTh=0.686078, recTh=0.597388, delta=0.129271.
####> scan e mom=2.000000, theta0=0.558505, rad=0, ph=42, realTh=0.686078, recTh=0.589484, delta=0.140792.
####> scan e mom=2.000000, theta0=0.558505, rad=0, ph=43, realTh=0.686078, recTh=0.588057, delta=0.142873.
####> scan e mom=2.000000, theta0=0.558505, rad=0, ph=44, realTh=0.686078, recTh=0.591327, delta=0.138106.
####> scan e mom=2.000000, theta0=0.558505, rad=0, ph=45, realTh=0.686078, recTh=0.591503, delta=0.137849.
####> scan e mom=2.000000, theta0=0.558505, rad=0, ph=46, realTh=0.686078, recTh=0.594756, delta=0.133109.
####> scan e mom=2.000000, theta0=0.558505, rad=0, ph=47, realTh=0.686078, recTh=0.592303, delta=0.136684.
####> scan e mom=2.000000, theta0=0.558505, rad=0, ph=48, realTh=0.686078, recTh=0.592817, delta=0.135933.
####> scan e mom=2.000000, theta0=0.558505, rad=0, ph=49, realTh=0.686078, recTh=0.594310, delta=0.133759.
-->Generating the offset & sigma map.
-->the offset & sigma maps are generated.
